<?xml version="1.0" encoding="UTF-8"?>
<!-- Generated by org.testng.reporters.JUnitXMLReporter -->
<testsuite ignored="0" hostname="Aksharay" failures="1" tests="7" name="PriceLabs Functional Tests" time="127.385" errors="0" timestamp="2024-07-22T02:01:52 IST">
  <testcase classname="com.testng.selenium.PriceLabsAutomation.tests.Tests" name="testLogin" time="34.581"/>
  <testcase classname="com.testng.selenium.PriceLabsAutomation.tests.Tests" name="testLisitingsPopup" time="5.543"/>
  <testcase classname="com.testng.selenium.PriceLabsAutomation.tests.Tests" name="testmanageListingsDropdown" time="5.615"/>
  <testcase classname="com.testng.selenium.PriceLabsAutomation.tests.Tests" name="clickOnPriceLabsLogoTest" time="11.701"/>
  <testcase classname="com.testng.selenium.PriceLabsAutomation.tests.Tests" name="clickOnReviewPricesTest" time="2.088"/>
  <testcase classname="com.testng.selenium.PriceLabsAutomation.tests.Tests" name="navigationToBillingDetailsUnderProfileTest" time="11.941"/>
  <testcase classname="com.testng.selenium.PriceLabsAutomation.tests.Tests" name="operationUnderMulticalendarTest" time="10.916">
    <failure type="org.openqa.selenium.ElementNotInteractableException" message="element not interactable
  (Session info: chrome=126.0.6478.183)
Build info: version: &amp;apos;4.8.2&amp;apos;, revision: &amp;apos;826dbfc730&amp;apos;
System info: os.name: &amp;apos;Windows 11&amp;apos;, os.arch: &amp;apos;amd64&amp;apos;, os.version: &amp;apos;10.0&amp;apos;, java.version: &amp;apos;22.0.1&amp;apos;
Driver info: org.openqa.selenium.chrome.ChromeDriver
Command: [59f80f6ea4bac8d3da10fc4ec6aecb5a, clickElement {id=f.662B26C7C1C5B73CC50C898641ED5BE9.d.66F13B071F731639D37F7C7DE294251C.e.97}]
Capabilities {acceptInsecureCerts: false, browserName: chrome, browserVersion: 126.0.6478.183, chrome: {chromedriverVersion: 126.0.6478.182 (5b5d8292ddf..., userDataDir: C:\Users\aksha\AppData\Loca...}, fedcm:accounts: true, goog:chromeOptions: {debuggerAddress: localhost:65250}, networkConnectionEnabled: false, pageLoadStrategy: normal, platformName: WINDOWS, proxy: Proxy(), se:cdp: ws://localhost:65250/devtoo..., se:cdpVersion: 126.0.6478.183, setWindowRect: true, strictFileInteractability: false, timeouts: {implicit: 0, pageLoad: 300000, script: 30000}, unhandledPromptBehavior: dismiss and notify, webauthn:extension:credBlob: true, webauthn:extension:largeBlob: true, webauthn:extension:minPinLength: true, webauthn:extension:prf: true, webauthn:virtualAuthenticators: true}
Element: [[ChromeDriver: chrome on WINDOWS (59f80f6ea4bac8d3da10fc4ec6aecb5a)] -&amp;gt; xpath: (//input[@class=&amp;apos;chakra-switch__input&amp;apos;])[16]]
Session ID: 59f80f6ea4bac8d3da10fc4ec6aecb5a">
      <![CDATA[org.openqa.selenium.ElementNotInteractableException: element not interactable
  (Session info: chrome=126.0.6478.183)
Build info: version: '4.8.2', revision: '826dbfc730'
System info: os.name: 'Windows 11', os.arch: 'amd64', os.version: '10.0', java.version: '22.0.1'
Driver info: org.openqa.selenium.chrome.ChromeDriver
Command: [59f80f6ea4bac8d3da10fc4ec6aecb5a, clickElement {id=f.662B26C7C1C5B73CC50C898641ED5BE9.d.66F13B071F731639D37F7C7DE294251C.e.97}]
Capabilities {acceptInsecureCerts: false, browserName: chrome, browserVersion: 126.0.6478.183, chrome: {chromedriverVersion: 126.0.6478.182 (5b5d8292ddf..., userDataDir: C:\Users\aksha\AppData\Loca...}, fedcm:accounts: true, goog:chromeOptions: {debuggerAddress: localhost:65250}, networkConnectionEnabled: false, pageLoadStrategy: normal, platformName: WINDOWS, proxy: Proxy(), se:cdp: ws://localhost:65250/devtoo..., se:cdpVersion: 126.0.6478.183, setWindowRect: true, strictFileInteractability: false, timeouts: {implicit: 0, pageLoad: 300000, script: 30000}, unhandledPromptBehavior: dismiss and notify, webauthn:extension:credBlob: true, webauthn:extension:largeBlob: true, webauthn:extension:minPinLength: true, webauthn:extension:prf: true, webauthn:virtualAuthenticators: true}
Element: [[ChromeDriver: chrome on WINDOWS (59f80f6ea4bac8d3da10fc4ec6aecb5a)] -> xpath: (//input[@class='chakra-switch__input'])[16]]
Session ID: 59f80f6ea4bac8d3da10fc4ec6aecb5a
at org.openqa.selenium.remote.codec.w3c.W3CHttpResponseCodec.createException(W3CHttpResponseCodec.java:200)
at org.openqa.selenium.remote.codec.w3c.W3CHttpResponseCodec.decode(W3CHttpResponseCodec.java:133)
at org.openqa.selenium.remote.codec.w3c.W3CHttpResponseCodec.decode(W3CHttpResponseCodec.java:53)
at org.openqa.selenium.remote.HttpCommandExecutor.execute(HttpCommandExecutor.java:193)
at org.openqa.selenium.remote.service.DriverCommandExecutor.invokeExecute(DriverCommandExecutor.java:183)
at org.openqa.selenium.remote.service.DriverCommandExecutor.execute(DriverCommandExecutor.java:158)
at org.openqa.selenium.remote.RemoteWebDriver.execute(RemoteWebDriver.java:543)
at org.openqa.selenium.remote.RemoteWebElement.execute(RemoteWebElement.java:257)
at org.openqa.selenium.remote.RemoteWebElement.click(RemoteWebElement.java:78)
at com.testng.selenium.PriceLabsAutomation.pages.Page.operationUnderMulticalendar(Page.java:153)
at com.testng.selenium.PriceLabsAutomation.tests.Tests.operationUnderMulticalendarTest(Tests.java:78)
at java.base/java.util.ArrayList.forEach(ArrayList.java:1597)
... Removed 28 stack frames]]>
    </failure>
  </testcase> <!-- operationUnderMulticalendarTest -->
</testsuite> <!-- PriceLabs Functional Tests -->
