<?xml version="1.0" encoding="UTF-8"?>
<!-- Generated by org.testng.reporters.JUnitXMLReporter -->
<testsuite ignored="0" hostname="Aksharay" failures="0" tests="1" name="Surefire test" time="0.092" errors="0" timestamp="2024-07-21T10:30:24 IST">
  <testcase classname="com.testng.selenium.PriceLabsAutomation.tests.LoginTest" name="@BeforeTest setup" time="0.057">
    <failure type="java.lang.IllegalStateException" message="The driver executable must exist: C:\Users\aksha\eclipse-workspace\PriceLabsAutomation\EdgeDriver.exe">
      <![CDATA[java.lang.IllegalStateException: The driver executable must exist: C:\Users\aksha\eclipse-workspace\PriceLabsAutomation\EdgeDriver.exe
at org.openqa.selenium.internal.Require$FileStateChecker.isFile(Require.java:342)
at org.openqa.selenium.remote.service.DriverService.checkExecutable(DriverService.java:147)
at org.openqa.selenium.remote.service.DriverService.findExecutable(DriverService.java:142)
at org.openqa.selenium.edge.EdgeDriverService.access$000(EdgeDriverService.java:40)
at org.openqa.selenium.edge.EdgeDriverService$Builder.findDefaultExecutable(EdgeDriverService.java:176)
at org.openqa.selenium.remote.service.DriverService$Builder.build(DriverService.java:437)
at org.openqa.selenium.edge.EdgeDriver.<init>(EdgeDriver.java:44)
at org.openqa.selenium.edge.EdgeDriver.<init>(EdgeDriver.java:41)
at com.testng.selenium.PriceLabsAutomation.tests.LoginTest.setup(LoginTest.java:24)
... Removed 27 stack frames]]>
    </failure>
  </testcase> <!-- @BeforeTest setup -->
  <testcase classname="com.testng.selenium.PriceLabsAutomation.tests.LoginTest" name="@AfterTest teardown" time="0.0">
    <skipped/>
  </testcase> <!-- @AfterTest teardown -->
  <testcase classname="com.testng.selenium.PriceLabsAutomation.tests.LoginTest" name="testLogin" time="0.0">
    <skipped/>
  </testcase> <!-- testLogin -->
</testsuite> <!-- Surefire test -->
